  split_screen.cpp
c:\users\danie\documents\github\2dprogramming\landmass_generator\split_screen.cpp(70): warning C4244: '=': conversion from 'double' to 'float', possible loss of data
c:\users\danie\documents\github\2dprogramming\landmass_generator\split_screen.cpp(71): warning C4244: '=': conversion from 'double' to 'float', possible loss of data
c:\users\danie\documents\github\2dprogramming\landmass_generator\split_screen.cpp(73): warning C4244: 'initializing': conversion from 'double' to 'float', possible loss of data
c:\users\danie\documents\github\2dprogramming\landmass_generator\split_screen.cpp(114): warning C4244: 'initializing': conversion from 'double' to 'int', possible loss of data
c:\users\danie\documents\github\2dprogramming\landmass_generator\split_screen.cpp(116): warning C4244: 'initializing': conversion from 'double' to 'int', possible loss of data
c:\users\danie\documents\github\2dprogramming\landmass_generator\split_screen.cpp(121): warning C4244: '/=': conversion from 'double' to 'float', possible loss of data
c:\users\danie\documents\github\2dprogramming\landmass_generator\split_screen.cpp(124): warning C4244: '/=': conversion from 'double' to 'float', possible loss of data
c:\users\danie\documents\github\2dprogramming\landmass_generator\split_screen.cpp(167): warning C4244: '=': conversion from 'double' to 'float', possible loss of data
c:\users\danie\documents\github\2dprogramming\landmass_generator\split_screen.cpp(168): warning C4244: '*=': conversion from 'double' to 'float', possible loss of data
c:\users\danie\documents\github\2dprogramming\landmass_generator\split_screen.cpp(242): warning C4244: '=': conversion from 'double' to 'int', possible loss of data
c:\users\danie\documents\github\2dprogramming\landmass_generator\split_screen.cpp(246): warning C4244: '=': conversion from 'double' to 'int', possible loss of data
c:\users\danie\documents\github\2dprogramming\landmass_generator\split_screen.cpp(368): warning C4309: '=': truncation of constant value
c:\users\danie\documents\github\2dprogramming\landmass_generator\split_screen.cpp(369): warning C4309: '=': truncation of constant value
c:\users\danie\documents\github\2dprogramming\landmass_generator\split_screen.cpp(370): warning C4309: '=': truncation of constant value
c:\users\danie\documents\github\2dprogramming\landmass_generator\split_screen.cpp(376): warning C4309: '=': truncation of constant value
c:\users\danie\documents\github\2dprogramming\landmass_generator\split_screen.cpp(414): warning C4309: '=': truncation of constant value
c:\users\danie\documents\github\2dprogramming\landmass_generator\split_screen.cpp(415): warning C4309: '=': truncation of constant value
c:\users\danie\documents\github\2dprogramming\landmass_generator\split_screen.cpp(429): warning C4309: '=': truncation of constant value
c:\users\danie\documents\github\2dprogramming\landmass_generator\split_screen.cpp(430): warning C4309: '=': truncation of constant value
c:\users\danie\documents\github\2dprogramming\landmass_generator\split_screen.cpp(440): warning C4244: '=': conversion from 'double' to 'int', possible loss of data
c:\users\danie\documents\github\2dprogramming\landmass_generator\split_screen.cpp(444): warning C4309: '=': truncation of constant value
c:\users\danie\documents\github\2dprogramming\landmass_generator\split_screen.cpp(445): warning C4309: '=': truncation of constant value
c:\users\danie\documents\github\2dprogramming\landmass_generator\split_screen.cpp(449): warning C4244: '=': conversion from 'double' to 'int', possible loss of data
c:\users\danie\documents\github\2dprogramming\landmass_generator\split_screen.cpp(450): warning C4244: '=': conversion from 'double' to 'int', possible loss of data
c:\users\danie\documents\github\2dprogramming\landmass_generator\split_screen.cpp(456): warning C4244: '=': conversion from 'double' to 'float', possible loss of data
c:\users\danie\documents\github\2dprogramming\landmass_generator\split_screen.cpp(468): warning C4244: 'initializing': conversion from 'time_t' to 'int', possible loss of data
c:\users\danie\documents\github\2dprogramming\landmass_generator\split_screen.cpp(492): warning C4244: '=': conversion from 'double' to 'float', possible loss of data
c:\users\danie\documents\github\2dprogramming\landmass_generator\split_screen.cpp(493): warning C4244: '=': conversion from 'double' to 'float', possible loss of data
c:\users\danie\documents\github\2dprogramming\landmass_generator\split_screen.cpp(494): warning C4305: '=': truncation from 'double' to 'float'
c:\users\danie\documents\github\2dprogramming\landmass_generator\split_screen.cpp(495): warning C4305: '=': truncation from 'double' to 'float'
c:\users\danie\documents\github\2dprogramming\landmass_generator\split_screen.cpp(498): warning C4305: '=': truncation from 'double' to 'float'
c:\users\danie\documents\github\2dprogramming\landmass_generator\split_screen.cpp(503): warning C4244: '=': conversion from 'double' to 'float', possible loss of data
c:\users\danie\documents\github\2dprogramming\landmass_generator\split_screen.cpp(504): warning C4244: '=': conversion from 'double' to 'float', possible loss of data
c:\users\danie\documents\github\2dprogramming\landmass_generator\split_screen.cpp(513): warning C4244: '=': conversion from 'double' to 'int', possible loss of data
c:\users\danie\documents\github\2dprogramming\landmass_generator\split_screen.cpp(514): warning C4244: '=': conversion from 'double' to 'int', possible loss of data
c:\users\danie\documents\github\2dprogramming\landmass_generator\split_screen.cpp(517): warning C4309: '=': truncation of constant value
c:\users\danie\documents\github\2dprogramming\landmass_generator\split_screen.cpp(518): warning C4309: '=': truncation of constant value
c:\users\danie\documents\github\2dprogramming\landmass_generator\split_screen.cpp(522): warning C4244: '=': conversion from 'double' to 'int', possible loss of data
c:\users\danie\documents\github\2dprogramming\landmass_generator\split_screen.cpp(523): warning C4244: '=': conversion from 'double' to 'int', possible loss of data
c:\users\danie\documents\github\2dprogramming\landmass_generator\split_screen.cpp(529): warning C4244: '=': conversion from 'double' to 'float', possible loss of data
c:\users\danie\documents\github\2dprogramming\landmass_generator\split_screen.cpp(542): warning C4244: 'argument': conversion from 'int' to 'float', possible loss of data
c:\users\danie\documents\github\2dprogramming\landmass_generator\split_screen.cpp(600): warning C4309: '=': truncation of constant value
c:\users\danie\documents\github\2dprogramming\landmass_generator\split_screen.cpp(615): warning C4309: '=': truncation of constant value
c:\users\danie\documents\github\2dprogramming\landmass_generator\split_screen.cpp(655): warning C4309: '=': truncation of constant value
c:\users\danie\documents\github\2dprogramming\landmass_generator\split_screen.cpp(667): warning C4244: '=': conversion from 'double' to 'int', possible loss of data
c:\users\danie\documents\github\2dprogramming\landmass_generator\split_screen.cpp(669): warning C4244: '=': conversion from 'double' to 'float', possible loss of data
c:\users\danie\documents\github\2dprogramming\landmass_generator\split_screen.cpp(676): warning C4244: '=': conversion from 'double' to 'int', possible loss of data
c:\users\danie\documents\github\2dprogramming\landmass_generator\split_screen.cpp(678): warning C4244: '=': conversion from 'double' to 'float', possible loss of data
c:\users\danie\documents\github\2dprogramming\landmass_generator\split_screen.cpp(683): warning C4244: '=': conversion from 'double' to 'float', possible loss of data
c:\users\danie\documents\github\2dprogramming\landmass_generator\split_screen.cpp(684): warning C4244: '=': conversion from 'double' to 'float', possible loss of data
c:\users\danie\documents\github\2dprogramming\landmass_generator\split_screen.cpp(690): warning C4244: 'argument': conversion from 'int' to 'float', possible loss of data
c:\users\danie\documents\github\2dprogramming\landmass_generator\split_screen.cpp(701): warning C4309: '=': truncation of constant value
c:\users\danie\documents\github\2dprogramming\landmass_generator\split_screen.cpp(713): warning C4309: '=': truncation of constant value
c:\users\danie\documents\github\2dprogramming\landmass_generator\split_screen.cpp(720): warning C4244: 'argument': conversion from 'int' to 'float', possible loss of data
c:\users\danie\documents\github\2dprogramming\landmass_generator\split_screen.cpp(724): warning C4309: '=': truncation of constant value
c:\users\danie\documents\github\2dprogramming\landmass_generator\split_screen.cpp(727): warning C4244: '=': conversion from 'float' to 'char', possible loss of data
c:\users\danie\documents\github\2dprogramming\landmass_generator\split_screen.cpp(728): warning C4244: '=': conversion from 'float' to 'char', possible loss of data
c:\users\danie\documents\github\2dprogramming\landmass_generator\split_screen.cpp(729): warning C4244: '=': conversion from 'float' to 'char', possible loss of data
c:\users\danie\documents\github\2dprogramming\landmass_generator\split_screen.cpp(735): warning C4244: 'initializing': conversion from 'double' to 'int', possible loss of data
c:\users\danie\documents\github\2dprogramming\landmass_generator\split_screen.cpp(739): warning C4244: '=': conversion from 'double' to 'char', possible loss of data
c:\users\danie\documents\github\2dprogramming\landmass_generator\split_screen.cpp(743): warning C4244: '=': conversion from 'float' to 'char', possible loss of data
c:\users\danie\documents\github\2dprogramming\landmass_generator\split_screen.cpp(744): warning C4244: '=': conversion from 'float' to 'char', possible loss of data
c:\users\danie\documents\github\2dprogramming\landmass_generator\split_screen.cpp(745): warning C4244: '=': conversion from 'float' to 'char', possible loss of data
c:\users\danie\documents\github\2dprogramming\landmass_generator\split_screen.cpp(749): warning C4244: 'initializing': conversion from 'float' to 'int', possible loss of data
c:\users\danie\documents\github\2dprogramming\landmass_generator\split_screen.cpp(752): warning C4244: '=': conversion from 'double' to 'char', possible loss of data
c:\users\danie\documents\github\2dprogramming\landmass_generator\split_screen.cpp(765): warning C4244: '=': conversion from 'double' to 'int', possible loss of data
c:\users\danie\documents\github\2dprogramming\landmass_generator\split_screen.cpp(766): warning C4244: '=': conversion from 'double' to 'int', possible loss of data
c:\users\danie\documents\github\2dprogramming\landmass_generator\split_screen.cpp(767): warning C4244: '=': conversion from 'double' to 'int', possible loss of data
c:\users\danie\documents\github\2dprogramming\landmass_generator\split_screen.cpp(768): warning C4244: '=': conversion from 'double' to 'int', possible loss of data
c:\users\danie\documents\github\2dprogramming\landmass_generator\split_screen.cpp(769): warning C4244: '=': conversion from 'double' to 'int', possible loss of data
c:\users\danie\documents\github\2dprogramming\landmass_generator\split_screen.cpp(770): warning C4244: '=': conversion from 'double' to 'int', possible loss of data
c:\users\danie\documents\github\2dprogramming\landmass_generator\split_screen.cpp(771): warning C4244: '=': conversion from 'double' to 'int', possible loss of data
c:\users\danie\documents\github\2dprogramming\landmass_generator\split_screen.cpp(774): warning C4244: '=': conversion from 'double' to 'float', possible loss of data
c:\users\danie\documents\github\2dprogramming\landmass_generator\split_screen.cpp(780): warning C4309: '=': truncation of constant value
c:\users\danie\documents\github\2dprogramming\landmass_generator\split_screen.cpp(783): warning C4309: '=': truncation of constant value
c:\users\danie\documents\github\2dprogramming\landmass_generator\split_screen.cpp(785): warning C4309: '=': truncation of constant value
c:\users\danie\documents\github\2dprogramming\landmass_generator\split_screen.cpp(804): warning C4244: '=': conversion from 'float' to 'char', possible loss of data
c:\users\danie\documents\github\2dprogramming\landmass_generator\split_screen.cpp(805): warning C4244: '=': conversion from 'float' to 'char', possible loss of data
c:\users\danie\documents\github\2dprogramming\landmass_generator\split_screen.cpp(806): warning C4244: '=': conversion from 'float' to 'char', possible loss of data
c:\users\danie\documents\github\2dprogramming\landmass_generator\split_screen.cpp(813): warning C4244: 'initializing': conversion from 'double' to 'int', possible loss of data
c:\users\danie\documents\github\2dprogramming\landmass_generator\split_screen.cpp(817): warning C4244: '=': conversion from 'double' to 'char', possible loss of data
c:\users\danie\documents\github\2dprogramming\landmass_generator\split_screen.cpp(821): warning C4244: '=': conversion from 'float' to 'char', possible loss of data
c:\users\danie\documents\github\2dprogramming\landmass_generator\split_screen.cpp(822): warning C4244: '=': conversion from 'float' to 'char', possible loss of data
c:\users\danie\documents\github\2dprogramming\landmass_generator\split_screen.cpp(823): warning C4244: '=': conversion from 'float' to 'char', possible loss of data
c:\users\danie\documents\github\2dprogramming\landmass_generator\split_screen.cpp(827): warning C4244: 'initializing': conversion from 'float' to 'int', possible loss of data
c:\users\danie\documents\github\2dprogramming\landmass_generator\split_screen.cpp(830): warning C4244: '=': conversion from 'double' to 'char', possible loss of data
c:\users\danie\documents\github\2dprogramming\landmass_generator\split_screen.cpp(846): warning C4244: '=': conversion from 'double' to 'int', possible loss of data
c:\users\danie\documents\github\2dprogramming\landmass_generator\split_screen.cpp(867): warning C4244: '=': conversion from 'double' to 'int', possible loss of data
c:\users\danie\documents\github\2dprogramming\landmass_generator\split_screen.cpp(873): warning C4244: '=': conversion from 'double' to 'int', possible loss of data
c:\users\danie\documents\github\2dprogramming\landmass_generator\split_screen.cpp(876): warning C4244: '=': conversion from 'double' to 'int', possible loss of data
c:\users\danie\documents\github\2dprogramming\landmass_generator\split_screen.cpp(881): warning C4244: '=': conversion from 'double' to 'int', possible loss of data
c:\users\danie\documents\github\2dprogramming\landmass_generator\split_screen.cpp(882): warning C4244: '=': conversion from 'double' to 'int', possible loss of data
c:\users\danie\documents\github\2dprogramming\landmass_generator\split_screen.cpp(884): warning C4244: '=': conversion from 'double' to 'int', possible loss of data
c:\users\danie\documents\github\2dprogramming\landmass_generator\split_screen.cpp(885): warning C4244: '=': conversion from 'double' to 'int', possible loss of data
c:\users\danie\documents\github\2dprogramming\landmass_generator\split_screen.cpp(887): warning C4244: '=': conversion from 'double' to 'int', possible loss of data
c:\users\danie\documents\github\2dprogramming\landmass_generator\split_screen.cpp(888): warning C4244: '=': conversion from 'double' to 'int', possible loss of data
c:\users\danie\documents\github\2dprogramming\landmass_generator\split_screen.cpp(890): warning C4244: '=': conversion from 'double' to 'int', possible loss of data
c:\users\danie\documents\github\2dprogramming\landmass_generator\split_screen.cpp(891): warning C4244: '=': conversion from 'double' to 'int', possible loss of data
c:\users\danie\documents\github\2dprogramming\landmass_generator\split_screen.cpp(893): warning C4244: '=': conversion from 'double' to 'int', possible loss of data
c:\users\danie\documents\github\2dprogramming\landmass_generator\split_screen.cpp(894): warning C4244: '=': conversion from 'double' to 'int', possible loss of data
c:\users\danie\documents\github\2dprogramming\landmass_generator\split_screen.cpp(896): warning C4244: '=': conversion from 'double' to 'int', possible loss of data
c:\users\danie\documents\github\2dprogramming\landmass_generator\split_screen.cpp(897): warning C4244: '=': conversion from 'double' to 'int', possible loss of data
c:\users\danie\documents\github\2dprogramming\landmass_generator\split_screen.cpp(900): warning C4244: '=': conversion from 'double' to 'int', possible loss of data
c:\users\danie\documents\github\2dprogramming\landmass_generator\split_screen.cpp(903): warning C4244: '=': conversion from 'double' to 'int', possible loss of data
c:\users\danie\documents\github\2dprogramming\landmass_generator\split_screen.cpp(907): warning C4244: '=': conversion from 'double' to 'int', possible loss of data
c:\users\danie\documents\github\2dprogramming\landmass_generator\split_screen.cpp(908): warning C4244: '=': conversion from 'double' to 'int', possible loss of data
c:\users\danie\documents\github\2dprogramming\landmass_generator\split_screen.cpp(910): warning C4244: '=': conversion from 'double' to 'int', possible loss of data
c:\users\danie\documents\github\2dprogramming\landmass_generator\split_screen.cpp(911): warning C4244: '=': conversion from 'double' to 'int', possible loss of data
c:\users\danie\documents\github\2dprogramming\landmass_generator\split_screen.cpp(914): warning C4244: '=': conversion from 'double' to 'int', possible loss of data
c:\users\danie\documents\github\2dprogramming\landmass_generator\split_screen.cpp(915): warning C4244: '=': conversion from 'double' to 'int', possible loss of data
c:\users\danie\documents\github\2dprogramming\landmass_generator\split_screen.cpp(917): warning C4244: '=': conversion from 'double' to 'int', possible loss of data
c:\users\danie\documents\github\2dprogramming\landmass_generator\split_screen.cpp(918): warning C4244: '=': conversion from 'double' to 'int', possible loss of data
c:\users\danie\documents\github\2dprogramming\landmass_generator\split_screen.cpp(921): warning C4244: '=': conversion from 'double' to 'int', possible loss of data
c:\users\danie\documents\github\2dprogramming\landmass_generator\split_screen.cpp(922): warning C4244: '=': conversion from 'double' to 'int', possible loss of data
c:\users\danie\documents\github\2dprogramming\landmass_generator\split_screen.cpp(924): warning C4244: '=': conversion from 'double' to 'int', possible loss of data
c:\users\danie\documents\github\2dprogramming\landmass_generator\split_screen.cpp(925): warning C4244: '=': conversion from 'double' to 'int', possible loss of data
c:\users\danie\documents\github\2dprogramming\landmass_generator\split_screen.cpp(927): warning C4244: '=': conversion from 'double' to 'int', possible loss of data
c:\users\danie\documents\github\2dprogramming\landmass_generator\split_screen.cpp(928): warning C4244: '=': conversion from 'double' to 'int', possible loss of data
c:\users\danie\documents\github\2dprogramming\landmass_generator\split_screen.cpp(621): warning C4390: ';': empty controlled statement found; is this the intent?
LINK : fatal error LNK1168: cannot open C:\Users\danie\Documents\GitHub\2dProgramming\landmass_Generator\Debug\landmass_Generator.exe for writing
